<?xml version="1.0" encoding="UTF-8"?>
<testng-results skipped="0" failed="0" ignored="0" total="2" passed="2">
  <reporter-output>
  </reporter-output>
  <suite name="HRM Automation" duration-ms="35525" started-at="2017-11-16T06:41:41Z" finished-at="2017-11-16T06:42:16Z">
    <groups>
    </groups>
    <test name="TestScripts" duration-ms="35525" started-at="2017-11-16T06:41:41Z" finished-at="2017-11-16T06:42:16Z">
      <class name="TestScripts.Tc1_Login">
        <test-method status="PASS" signature="verifyOrangeHRM()[pri:0, instance:TestScripts.Tc1_Login@d94a8b]" name="verifyOrangeHRM" duration-ms="13470" started-at="2017-11-16T12:11:41Z" finished-at="2017-11-16T12:11:54Z">
          <reporter-output>
          </reporter-output>
        </test-method> <!-- verifyOrangeHRM -->
      </class> <!-- TestScripts.Tc1_Login -->
      <class name="TestScripts.TC2_AddEmp">
        <test-method status="PASS" signature="AddEmployee()[pri:0, instance:TestScripts.TC2_AddEmp@d3bd8b]" name="AddEmployee" duration-ms="22037" started-at="2017-11-16T12:11:54Z" finished-at="2017-11-16T12:12:16Z">
          <reporter-output>
          </reporter-output>
        </test-method> <!-- AddEmployee -->
      </class> <!-- TestScripts.TC2_AddEmp -->
    </test> <!-- TestScripts -->
  </suite> <!-- HRM Automation -->
</testng-results>
